0.00 0.00 27.82 1.62 4.12 7.49 34.28 54.87
0.00 0.00 27.82 1.62 4.12 7.48 34.28 54.87
0.00 0.00 27.81 1.63 4.12 7.48 34.28 54.87
0.00 0.00 27.83 1.62 4.12 7.48 34.28 54.87
0.00 0.00 27.81 1.62 4.12 7.47 34.28 54.87
0.00 0.00 27.81 1.62 4.12 7.47 34.28 54.87
0.00 0.00 27.81 1.63 4.12 7.47 34.28 54.87
0.00 0.00 27.81 1.63 4.13 7.48 34.28 54.87
0.00 0.00 27.82 1.62 4.12 7.47 34.28 54.87
0.00 0.00 27.82 1.63 4.12 7.47 34.28 54.87
0.00 0.00 27.82 1.62 4.12 7.47 34.28 54.87
0.00 0.00 27.81 1.62 4.12 7.47 34.28 54.87
0.00 0.00 27.81 1.62 4.12 7.47 34.28 54.87
0.00 0.00 27.81 1.62 4.12 7.47 34.28 54.87
0.00 0.00 27.79 1.62 4.12 7.48 34.28 54.87
0.00 0.00 27.80 1.62 4.12 7.48 34.28 54.87
0.00 0.00 27.80 1.62 4.12 7.48 34.28 54.87
0.00 0.00 27.80 1.62 4.12 7.48 34.28 54.87
0.00 0.00 27.81 1.63 4.12 7.48 34.28 54.87
0.00 0.00 27.80 1.62 4.12 7.48 34.28 54.87
0.00 0.00 27.80 1.62 4.12 7.49 34.28 54.87
0.00 0.00 27.81 1.62 4.12 7.49 34.28 54.87
0.00 0.00 27.82 1.63 4.12 7.49 34.28 54.87
0.00 0.00 27.81 1.62 4.12 7.49 34.28 54.87
-0.00 0.00 27.82 1.62 4.12 7.50 34.28 54.87
0.00 0.01 24.38 1.63 4.12 7.50 34.28 54.88
-0.00 0.01 19.28 1.63 4.11 7.50 34.27 54.88
0.00 0.02 19.47 1.62 4.10 7.50 34.28 54.89
0.00 0.02 30.45 1.56 4.10 7.50 34.28 54.89
0.00 0.03 25.71 1.60 4.09 7.50 34.28 54.90
0.00 0.04 25.71 1.57 4.07 7.53 34.28 54.91
0.00 0.06 17.30 1.58 4.08 7.56 33.97 55.07
0.01 0.07 27.87 1.55 4.09 7.57 34.28 54.94
0.01 0.10 19.36 1.54 4.09 7.59 34.16 55.02
0.01 0.11 19.36 1.53 4.09 7.60 34.28 54.96
0.01 0.12 14.03 1.53 4.09 7.61 34.28 54.97
0.02 0.15 9.50 1.47 4.08 7.64 34.05 55.14
0.02 0.15 13.25 1.48 4.08 7.65 34.05 55.14
0.02 0.17 19.36 1.46 4.07 7.67 34.13 55.04
0.02 0.17 13.23 1.46 4.08 7.69 33.94 55.23
0.03 0.18 19.33 1.45 4.07 7.70 33.95 55.23
0.03 0.20 13.23 1.44 4.06 7.73 33.95 55.25
0.03 0.21 17.44 1.42 4.06 7.72 33.95 55.26
0.04 0.22 24.47 1.40 4.04 7.73 33.95 55.27
0.05 0.24 13.22 1.40 4.05 7.77 33.96 55.29
0.06 0.27 8.17 1.35 4.03 7.81 33.98 55.32
0.06 0.27 30.40 1.30 10.65 7.82 33.98 55.32
0.08 0.30 27.70 1.28 4.00 7.84 34.00 55.36
0.12 0.34 13.18 1.30 4.01 7.90 34.04 55.40
0.13 0.35 19.30 1.28 10.65 7.91 34.04 55.41
0.15 0.37 9.59 1.23 4.01 7.96 34.07 55.43
0.16 0.38 13.11 1.22 4.03 7.97 34.08 55.44
0.17 0.40 8.09 1.20 4.08 7.99 34.10 55.46
0.21 0.43 13.10 1.09 10.70 8.02 34.13 55.49
0.24 0.45 13.09 1.08 10.72 8.06 34.17 55.52
0.28 0.49 13.02 1.04 10.75 8.07 34.22 55.55
0.31 0.50 13.00 1.02 10.78 8.13 34.24 55.57
0.33 0.52 12.98 0.99 10.81 8.15 34.27 55.59
0.36 0.54 6.91 0.96 5.01 7.84 34.30 55.61
0.36 0.54 12.93 0.95 10.82 8.18 34.30 55.61
0.38 0.55 19.04 0.96 10.83 8.18 34.31 55.62
0.40 0.56 7.39 0.93 9.27 8.21 34.35 55.64
0.44 0.58 6.84 0.90 9.41 7.91 34.38 55.65
0.47 0.60 25.29 0.92 10.97 8.24 34.39 55.69
0.47 0.60 27.37 0.91 10.98 8.26 34.39 55.69
0.50 0.61 29.99 0.87 10.97 8.28 34.44 55.69
0.52 0.62 18.92 0.85 10.99 8.30 34.48 55.71
0.54 0.63 29.94 0.84 11.04 8.31 34.50 55.72
0.57 0.64 29.92 0.84 11.08 8.34 34.53 55.73
0.62 0.66 25.16 0.82 11.09 8.35 34.56 55.75
0.62 0.66 12.63 0.81 11.12 8.37 34.56 55.75
0.69 0.67 29.81 0.79 11.13 8.40 34.66 55.77
0.71 0.68 29.75 0.79 11.19 8.41 34.68 55.77
0.80 0.69 18.68 0.78 11.24 8.43 34.78 55.79
0.80 0.69 26.93 0.59 11.34 0.84 34.78 55.79
0.93 0.71 29.54 0.57 11.38 0.79 34.93 55.82
1.01 0.72 29.45 0.55 11.50 0.72 35.04 55.84
1.11 0.73 29.35 0.55 11.59 0.72 35.14 55.85
1.18 0.74 29.32 0.53 11.64 0.75 35.21 55.85
1.21 0.75 29.27 0.53 11.70 0.87 35.27 55.86
1.28 0.75 26.65 0.53 11.72 0.69 35.34 55.87
1.32 0.76 29.16 0.53 11.80 0.70 35.39 55.88
1.39 0.76 24.35 0.52 11.83 0.70 35.45 55.88
1.44 0.77 29.08 0.51 11.93 0.71 35.53 55.89
1.50 0.77 29.02 0.51 11.97 0.72 35.58 55.89
1.55 0.78 26.34 0.51 12.01 0.74 35.64 55.90
1.60 0.78 28.79 0.51 12.13 0.75 35.69 55.90
1.77 0.79 28.72 0.48 12.19 0.75 35.91 55.91
1.85 0.79 28.60 0.62 12.24 0.76 36.00 55.92
1.96 0.80 23.80 0.63 12.36 0.78 36.12 55.92
2.02 0.80 28.43 0.64 12.43 0.78 36.19 55.92
2.10 0.80 28.39 0.47 12.59 0.74 36.26 55.92
2.14 0.80 28.34 0.48 12.64 0.73 36.33 55.92
2.17 0.80 23.57 0.47 12.66 0.74 36.36 55.92
2.21 0.80 17.23 0.66 12.71 0.72 36.40 55.92
2.23 0.80 23.53 0.67 12.73 0.71 36.42 55.92
2.24 0.80 28.24 0.67 12.74 0.71 36.44 55.92
2.24 0.80 25.57 0.66 12.67 0.69 36.44 55.92
2.26 0.80 28.21 0.67 12.76 0.69 36.45 55.92
2.27 0.80 23.48 0.67 12.77 0.67 36.46 55.92
2.27 0.80 28.21 0.67 12.78 0.66 36.47 55.92
2.30 0.80 28.19 0.67 12.79 0.66 36.50 55.91
2.34 0.79 25.54 0.66 12.81 0.65 36.54 55.91
2.36 0.79 28.16 0.67 12.86 0.64 36.57 55.91
2.40 0.78 25.53 0.67 12.91 0.62 36.62 55.90
2.43 0.78 28.10 0.67 12.92 0.60 36.64 55.90
2.46 0.77 28.07 0.69 12.97 0.89 36.67 55.89
2.53 0.77 27.99 0.70 12.97 1.15 36.74 55.88
2.55 0.76 27.97 0.70 13.03 1.15 36.77 55.87
2.59 0.76 27.92 0.71 13.06 1.15 36.82 55.87
2.61 0.76 27.91 0.73 13.08 1.14 36.85 55.87
2.67 0.75 27.85 0.73 13.13 1.14 36.91 55.86
2.67 0.75 27.79 0.75 13.19 1.13 36.91 55.86
2.73 0.74 27.76 0.73 13.22 1.12 36.97 55.85
2.77 0.74 27.68 0.75 13.26 1.11 37.01 55.84
2.84 0.73 27.60 0.75 13.32 1.09 37.11 55.83
2.95 0.72 27.54 0.74 13.38 1.09 37.21 55.82
3.00 0.71 27.48 0.75 13.44 1.09 37.26 55.81
3.06 0.71 27.37 0.84 13.55 1.07 37.34 55.80
3.16 0.70 27.33 0.85 13.60 1.08 37.44 55.79
3.22 0.69 27.22 0.87 13.72 1.07 37.49 55.78
3.38 0.68 27.16 0.85 13.82 1.06 37.68 55.76
3.44 0.67 27.10 0.82 13.87 1.05 37.73 55.75
3.49 0.67 27.04 1.53 13.98 1.05 37.80 55.74
3.55 0.67 26.99 5.56 14.04 1.04 37.86 55.74
3.61 0.66 26.92 5.54 14.09 1.04 37.92 55.73
3.67 0.66 26.86 5.43 14.21 1.03 37.98 55.72
3.92 0.64 26.62 5.52 14.33 1.00 38.25 55.69
3.97 0.64 26.56 5.53 14.40 1.00 38.31 55.69
4.04 0.64 26.50 6.87 14.54 0.99 38.37 55.68
4.14 0.63 26.39 6.72 14.60 0.99 38.48 55.67
4.20 0.63 26.34 1.60 14.65 0.99 38.55 55.66
4.29 0.63 26.24 1.04 14.75 0.98 38.66 55.65
4.38 0.63 26.15 0.89 14.83 0.98 38.73 55.65
4.38 0.63 26.07 0.91 14.86 0.98 38.73 55.65
4.45 0.63 26.03 0.92 14.95 0.99 38.81 55.64
4.50 0.63 26.00 0.92 15.02 0.98 38.86 55.64
4.50 0.63 25.94 0.92 15.02 0.99 38.86 55.64
4.56 0.63 21.20 0.91 15.06 1.00 38.94 55.64
4.61 0.63 25.86 0.92 15.10 0.98 38.99 55.63
4.64 0.63 21.11 0.91 15.08 0.99 39.01 55.63
4.68 0.64 21.04 0.91 15.12 0.99 39.05 55.63
4.77 0.64 25.70 0.91 15.20 0.98 39.14 55.63
4.83 0.64 25.60 0.91 15.32 0.98 39.20 55.62
4.94 0.65 20.83 0.92 15.34 0.99 39.31 55.62
5.00 0.65 20.76 0.92 15.47 0.99 39.38 55.62
5.05 0.65 25.37 0.92 15.54 0.97 39.43 55.62
5.17 0.66 25.31 0.92 15.66 0.97 39.56 55.61
5.23 0.66 25.14 1.01 15.78 0.97 39.61 55.61
5.46 0.67 25.08 1.02 15.90 0.96 39.85 55.60
5.53 0.68 25.01 1.01 15.96 0.98 39.91 55.60
5.64 0.68 24.88 1.02 16.08 0.97 40.03 55.60
5.76 0.69 24.76 1.04 16.21 0.96 40.14 55.60
5.82 0.70 24.70 1.02 16.32 0.99 40.20 55.60
5.82 0.70 24.58 1.02 16.38 0.97 40.20 55.60
5.94 0.70 24.41 0.94 16.50 0.97 40.32 55.59
6.10 0.71 24.36 1.03 16.55 0.97 40.48 55.59
6.15 0.72 24.27 1.00 16.64 0.97 40.52 55.59
6.25 0.72 24.22 1.00 16.70 7.37 40.64 55.58
6.29 0.73 24.14 1.00 16.75 0.89 40.69 55.58
6.36 0.74 24.12 0.99 16.83 0.88 40.78 55.58
6.40 0.74 19.30 0.94 16.88 0.95 40.86 55.57
6.45 0.75 24.02 0.94 16.96 0.92 40.91 55.57
6.49 0.75 24.01 0.95 17.00 0.94 40.95 55.58
6.49 0.75 23.91 0.95 17.03 0.94 40.95 55.58
6.60 0.77 23.87 0.94 17.06 0.94 41.04 55.59
6.64 0.78 23.82 0.94 17.10 0.99 41.09 55.59
6.73 0.79 23.79 0.93 17.17 7.97 41.18 55.59
6.73 0.79 23.68 0.92 17.22 7.97 41.18 55.59
6.84 0.81 23.56 0.75 17.28 7.98 41.28 55.60
6.95 0.82 23.51 0.73 17.39 11.78 41.39 55.60
7.02 0.83 23.45 0.74 17.46 3.12 41.45 55.61
7.07 0.84 23.33 0.73 17.58 3.06 41.51 55.61
7.19 0.86 23.27 0.73 17.69 3.05 41.61 55.62
7.24 0.86 23.21 0.73 17.75 3.07 41.67 55.62
7.30 0.87 23.16 0.73 17.82 0.52 41.73 55.62
7.42 0.89 23.09 0.72 17.95 0.52 41.84 55.62
7.42 0.89 22.86 0.71 18.06 0.52 41.84 55.62
7.63 0.92 22.80 0.72 18.11 0.53 42.06 55.63
7.75 0.93 22.73 0.71 18.21 0.52 42.18 55.63
7.80 0.94 22.67 0.71 18.27 0.53 42.24 55.63
7.87 0.95 22.61 0.71 18.40 0.53 42.28 55.63
7.98 0.96 22.49 6.58 18.47 0.54 42.37 55.63
8.04 0.97 22.44 0.72 18.53 0.53 42.45 55.63
8.15 0.98 22.33 0.73 18.62 0.54 42.59 55.64
8.22 0.99 19.64 0.74 17.95 0.54 42.66 55.64
8.33 1.00 22.14 1.57 18.87 81.91 42.77 55.64
8.39 1.01 22.08 1.57 18.91 1.15 42.83 55.64
8.39 1.01 21.98 1.12 18.99 1.03 42.83 55.64
8.50 1.02 21.92 1.04 19.04 1.04 42.96 55.64
8.68 1.04 21.79 0.88 19.12 1.05 43.13 55.64
8.81 1.05 21.66 0.85 19.30 1.10 43.27 55.64
8.81 1.05 21.56 2.38 19.35 1.68 43.27 55.64
8.93 1.06 21.43 2.02 19.46 1.53 43.39 55.63
9.04 1.08 21.37 2.02 19.51 1.52 43.51 55.63
9.16 1.09 21.31 1.99 19.67 1.53 43.62 55.63
9.16 1.09 21.19 5.88 19.71 1.44 43.62 55.63
9.27 1.10 18.38 5.91 19.14 11.87 43.74 55.63
9.45 1.12 18.27 5.93 18.92 2.14 43.94 55.62
9.56 1.13 18.19 5.94 18.80 2.15 44.05 55.62
9.62 1.14 18.13 5.95 18.68 11.86 44.13 55.62
9.67 1.14 18.07 6.71 18.71 11.85 44.17 55.62
9.71 1.15 20.69 5.96 20.22 11.88 44.22 55.61
9.76 1.15 20.65 6.71 20.31 11.88 44.27 55.61
9.80 1.15 20.56 6.70 20.38 11.76 44.30 55.61
9.87 1.16 17.85 6.71 13.76 11.87 44.38 55.61
9.90 1.16 17.84 6.71 19.04 11.87 44.41 55.60
9.92 1.17 20.45 6.71 19.61 11.74 44.45 55.60
10.00 1.18 17.74 5.26 13.86 11.88 44.53 55.61
10.00 1.18 17.73 5.26 13.90 11.80 44.53 55.61
10.04 1.18 20.35 6.71 20.60 11.77 44.57 55.61
10.06 1.19 20.32 5.25 20.61 11.77 44.59 55.61
10.06 1.19 15.61 5.25 19.68 11.87 44.59 55.61
10.09 1.19 20.30 5.26 20.66 11.76 44.61 55.61
10.10 1.19 15.52 5.17 13.83 11.84 44.62 55.61
10.12 1.19 17.59 5.19 14.02 11.68 44.66 55.60
10.14 1.19 20.26 5.28 20.74 11.70 44.67 55.60
10.18 1.19 20.24 6.74 20.72 11.66 44.71 55.59
10.21 1.18 20.20 5.30 20.77 11.60 44.74 55.59
10.23 1.18 20.17 5.31 20.79 11.58 44.77 55.58
10.25 1.17 20.16 5.19 14.20 11.56 44.78 55.57
10.29 1.16 20.11 5.21 20.87 11.51 44.83 55.55
10.31 1.15 17.43 5.21 20.90 11.48 44.86 55.54
10.31 1.15 8.07 5.30 14.24 11.54 44.86 55.54
10.35 1.13 17.37 5.24 19.93 11.42 44.89 55.52
10.38 1.11 20.02 5.50 20.99 11.39 44.93 55.50
10.38 1.11 9.93 6.05 14.33 11.37 44.93 55.50
10.44 1.08 7.99 6.09 13.97 11.31 44.99 55.45
10.44 1.08 3.46 6.08 12.49 11.42 44.99 55.45
10.49 1.05 17.23 6.12 21.11 11.26 45.04 55.41
10.51 1.03 17.22 6.15 21.13 11.22 45.06 55.39
10.53 1.02 17.21 6.19 21.16 11.21 45.06 55.38
10.53 1.02 3.51 6.17 20.28 11.18 45.06 55.38
10.56 1.00 2.66 6.17 19.71 11.23 45.10 55.35
10.60 0.96 2.62 5.71 21.20 11.08 45.13 55.31
10.63 0.93 2.60 6.24 21.25 11.03 45.16 55.27
10.65 0.90 2.58 7.04 9.10 11.06 45.17 55.25
10.70 0.83 2.52 7.11 11.77 10.94 45.23 55.16
10.76 0.74 2.47 7.23 14.59 10.77 45.25 55.07
10.84 0.59 2.42 6.55 21.47 10.58 45.34 54.89
10.86 0.54 2.42 6.93 21.55 10.53 45.37 54.82
10.89 0.48 2.40 6.82 21.56 10.46 45.37 54.78
10.91 0.43 2.39 7.15 2.67 10.41 45.39 54.71
10.93 0.38 2.38 7.48 2.68 10.36 45.40 54.67
10.97 0.27 2.36 7.60 2.72 10.29 45.42 54.59
10.99 0.21 6.42 7.73 2.75 10.25 45.47 54.45
11.01 0.15 6.42 7.78 2.76 10.19 45.43 54.47
11.01 0.15 6.43 7.35 2.77 10.09 45.43 54.47
11.07 -0.02 6.38 7.96 2.79 10.00 45.48 54.27
11.10 -0.12 6.38 8.01 2.70 9.89 45.48 54.18
11.14 -0.23 4.37 8.14 2.62 9.79 45.50 54.06
11.16 -0.29 4.38 8.17 2.73 9.71 45.51 54.00
11.18 -0.35 7.58 8.22 2.83 9.66 45.53 53.87
11.19 -0.40 7.58 8.36 4.42 9.59 45.53 53.83
11.22 -0.52 8.57 8.42 4.48 9.49 45.57 53.65
11.24 -0.57 8.11 8.10 4.52 9.43 45.57 53.61
11.24 -0.57 2.34 8.14 5.05 9.20 45.57 53.61
11.30 -0.80 2.32 8.26 5.05 9.13 45.59 53.39
11.31 -0.86 2.33 8.78 5.05 9.07 45.60 53.33
11.33 -0.92 4.39 8.43 5.05 8.95 45.61 53.26
11.36 -1.07 4.43 9.01 6.35 8.89 45.63 53.07
11.36 -1.07 4.41 9.07 6.36 8.79 45.63 53.07
11.39 -1.18 4.40 8.74 5.94 8.68 45.63 53.01
11.41 -1.28 2.95 8.77 5.86 8.62 45.64 52.87
11.44 -1.41 1.66 9.40 5.91 8.57 45.64 52.78
11.44 -1.41 1.98 8.94 5.91 8.38 45.64 52.78
11.48 -1.57 4.40 9.00 5.87 8.26 45.66 52.58
11.50 -1.69 3.87 9.14 5.86 8.20 45.66 52.45
11.52 -1.75 4.39 9.71 1.57 8.14 45.66 52.40
11.53 -1.81 3.22 9.32 5.38 8.02 45.65 52.30
11.56 -1.93 3.12 9.94 6.37 7.91 45.65 52.16
11.58 -2.04 3.11 10.00 5.50 7.85 45.65 52.08
11.59 -2.11 3.12 10.13 6.36 7.73 45.65 52.02
11.61 -2.22 3.13 10.19 6.07 7.67 45.65 51.88
11.63 -2.29 8.11 10.35 6.12 7.54 45.65 51.83
11.66 -2.46 3.30 10.47 2.96 7.49 45.64 51.70
11.68 -2.56 3.28 10.52 6.10 7.38 45.64 51.51
11.70 -2.69 3.18 10.64 2.95 7.25 45.63 51.39
11.71 -2.74 3.17 10.72 2.95 7.21 45.63 51.36
11.73 -2.80 3.18 10.77 2.95 7.15 45.63 51.30
11.75 -2.91 3.18 10.87 2.93 7.02 45.63 51.20
11.76 -2.97 3.16 10.96 2.93 6.97 45.62 51.11
11.77 -3.03 7.42 11.00 2.92 6.91 45.62 51.07
11.77 -3.03 8.16 11.06 2.91 6.79 45.62 51.07
11.79 -3.15 8.16 11.19 2.90 6.73 45.62 50.94
11.80 -3.20 8.17 11.31 2.89 6.62 45.62 50.93
11.83 -3.32 8.17 11.43 2.89 6.49 45.61 50.83
11.86 -3.49 8.18 11.55 3.15 6.44 45.60 50.64
11.87 -3.55 8.19 11.62 2.94 6.37 45.60 50.59
11.90 -3.72 8.20 11.74 3.38 6.20 45.58 50.39
11.91 -3.78 8.22 11.79 3.37 6.13 45.58 50.33
11.92 -3.84 8.19 11.90 3.37 6.08 45.57 50.26
11.94 -3.95 6.43 11.94 3.10 5.95 45.56 50.15
11.95 -4.02 6.65 12.02 5.95 5.89 45.56 50.09
11.95 -4.02 5.87 12.14 5.28 5.77 45.56 50.09
11.99 -4.20 3.08 12.26 6.17 5.70 45.54 49.91
12.00 -4.30 3.08 12.33 6.18 5.60 45.53 49.79
12.03 -4.42 3.34 12.45 6.16 5.49 45.52 49.66
12.03 -4.48 3.77 12.50 6.16 5.42 45.52 49.61
12.05 -4.54 3.78 12.57 6.14 5.37 45.51 49.54
12.06 -4.65 3.79 12.17 6.13 5.25 45.50 49.42
12.07 -4.72 6.16 12.79 6.12 5.19 45.49 49.38
12.08 -4.77 6.27 12.85 6.11 5.14 45.48 49.31
12.10 -4.89 6.24 12.90 1.87 5.02 45.47 49.21
12.11 -4.94 5.02 12.57 1.81 4.97 45.46 49.14
12.12 -4.99 3.82 13.04 1.76 4.90 45.46 49.14
12.15 -5.16 3.88 13.16 1.61 4.71 45.44 48.96
12.15 -5.16 2.45 13.29 1.69 4.54 45.44 48.96
12.17 -5.32 2.50 13.39 1.84 4.44 45.42 48.78
12.19 -5.42 2.60 13.48 2.90 4.41 45.40 48.67
12.19 -5.47 2.64 13.08 4.46 4.35 45.39 48.61
12.20 -5.53 2.75 13.58 4.04 4.24 45.39 48.57
12.22 -5.63 2.78 13.21 2.35 4.18 45.37 48.46
12.23 -5.70 6.61 13.82 2.28 3.94 45.37 48.39
12.28 -5.92 2.01 13.98 5.95 3.88 45.34 48.15
12.29 -5.98 2.02 13.29 4.11 3.82 45.33 48.11
12.30 -6.04 1.74 14.07 4.10 3.71 45.33 48.05
12.32 -6.14 1.63 13.70 5.94 3.65 45.32 47.93
12.33 -6.20 1.88 13.68 4.10 3.54 45.31 47.86
12.35 -6.29 0.86 13.87 4.09 3.47 45.30 47.77
12.38 -6.42 1.38 14.49 1.62 3.37 45.29 47.64
12.39 -6.46 8.97 13.93 2.43 3.34 45.29 47.59
12.41 -6.52 8.90 14.11 1.35 3.26 45.28 47.53
12.41 -6.54 8.96 14.66 1.36 3.23 45.29 47.53
12.42 -6.57 1.24 14.70 2.59 3.19 45.28 47.48
12.43 -6.58 1.24 14.72 2.63 3.18 45.28 47.47
12.43 -6.59 1.22 14.07 2.70 3.17 45.28 47.46
12.44 -6.60 1.23 14.10 2.69 3.16 45.28 47.45
12.45 -6.62 2.30 14.75 2.69 3.14 45.29 47.42
12.45 -6.63 2.31 14.74 2.66 3.14 45.29 47.42
12.46 -6.65 1.32 14.11 2.66 3.13 45.29 47.40
12.48 -6.68 2.29 14.36 2.64 3.10 45.30 47.38
12.48 -6.68 1.31 14.16 2.65 3.08 45.30 47.38
12.49 -6.70 2.31 14.17 2.65 3.06 45.30 47.33
12.51 -6.72 2.31 13.56 4.02 3.05 45.31 47.32
12.53 -6.74 2.26 13.62 4.03 3.00 45.32 47.29
12.55 -6.78 2.24 13.46 2.55 2.97 45.33 47.25
12.57 -6.80 2.21 13.50 2.39 2.93 45.34 47.23
12.60 -6.84 2.21 13.53 2.39 2.93 45.35 47.18
12.61 -6.86 2.20 15.08 2.41 2.90 45.36 47.17
12.62 -6.87 2.19 13.60 2.42 2.88 45.36 47.15
12.64 -6.89 2.19 13.64 2.42 2.87 45.37 47.12
12.65 -6.90 2.18 13.65 2.41 2.85 45.38 47.12
12.67 -6.92 2.19 13.71 2.44 2.85 45.39 47.10
12.68 -6.93 2.16 13.67 2.44 2.82 45.39 47.09
12.71 -6.96 2.19 13.93 2.44 2.80 45.40 47.07
12.71 -6.96 2.16 14.55 2.45 2.80 45.41 47.06
12.74 -6.98 2.18 14.50 2.45 2.79 45.42 47.03
12.75 -7.00 2.17 14.54 2.44 2.78 45.43 47.02
12.78 -7.02 2.16 13.81 2.47 2.82 45.44 47.01
12.82 -7.05 2.26 13.82 2.50 2.71 45.47 46.97
12.86 -7.08 2.26 13.85 2.52 2.77 45.49 46.94
12.89 -7.10 2.40 15.38 2.55 2.81 45.51 46.91
12.98 -7.16 1.96 14.21 2.60 2.78 45.56 46.84
13.01 -7.18 2.35 14.83 2.62 2.74 45.59 46.80
13.08 -7.23 2.31 14.89 2.66 2.97 45.63 46.75
13.18 -7.29 4.58 14.92 2.71 3.09 45.68 46.68
13.18 -7.29 4.55 14.98 2.73 3.35 45.68 46.68
13.26 -7.34 7.32 15.01 24.29 3.25 45.74 46.61
13.30 -7.37 7.27 15.14 24.37 5.76 45.77 46.57
13.49 -7.48 14.42 15.78 24.44 5.68 45.92 46.40
13.58 -7.53 14.38 15.94 24.53 4.33 45.98 46.32
13.62 -7.55 14.30 15.99 24.56 3.85 46.01 46.29
13.66 -7.57 16.39 16.08 24.64 3.81 46.04 46.26
13.72 -7.60 16.34 15.69 20.38 3.75 46.09 46.20
13.75 -7.62 16.31 15.68 20.46 3.73 46.11 46.18
13.75 -7.62 14.15 15.72 20.38 3.71 46.11 46.18
13.83 -7.65 16.25 1.89 24.74 3.71 46.18 46.11
13.87 -7.66 16.22 1.87 24.75 3.69 46.21 46.09
13.89 -7.67 16.20 1.86 20.45 3.69 46.23 46.07
13.92 -7.68 16.17 1.96 24.81 3.67 46.26 46.06
13.94 -7.68 16.16 1.97 24.83 3.67 46.27 46.04
13.94 -7.68 14.00 1.98 20.50 1.90 46.27 46.04
13.99 -7.70 16.10 2.00 20.52 3.69 46.32 46.01
14.03 -7.70 16.07 2.00 24.87 1.99 46.34 46.00
14.08 -7.71 16.04 2.01 24.90 1.90 46.39 45.97
14.08 -7.71 13.88 2.03 20.58 1.96 46.39 45.97
14.12 -7.72 13.85 2.02 24.94 1.96 46.42 45.96
14.17 -7.72 13.83 2.03 24.97 1.97 46.46 45.94
14.22 -7.72 15.95 1.41 25.01 1.98 46.52 45.92
14.22 -7.72 13.76 1.43 20.69 1.97 46.52 45.92
14.28 -7.72 13.75 1.47 20.73 1.97 46.57 45.90
14.31 -7.72 15.80 2.10 20.76 1.96 46.59 45.90
14.35 -7.72 15.78 2.10 20.79 1.95 46.62 45.88
14.39 -7.72 13.58 2.13 15.89 1.86 46.66 45.87
14.46 -7.71 15.68 2.09 15.97 1.86 46.72 45.85
14.50 -7.71 15.60 15.93 16.04 1.84 46.73 45.86
14.64 -7.70 15.54 15.17 16.12 1.84 46.85 45.83
14.69 -7.69 15.48 2.39 21.13 1.84 46.90 45.82
14.86 -7.67 15.33 2.38 16.29 1.82 47.03 45.78
14.90 -7.66 15.29 2.43 21.30 1.81 47.08 45.77
14.96 -7.66 15.21 2.43 16.38 1.80 47.13 45.76
14.96 -7.66 15.14 2.33 16.42 1.79 47.13 45.76
15.05 -7.64 15.08 2.37 16.49 1.79 47.21 45.74
15.10 -7.63 15.06 2.45 21.50 1.79 47.27 45.73
15.14 -7.62 14.95 15.84 21.55 1.72 47.31 45.73
15.24 -7.60 14.92 2.52 21.65 1.63 47.41 45.71
15.30 -7.59 14.83 1.11 10.74 1.63 47.46 45.70
15.35 -7.58 14.72 1.16 10.76 1.62 47.51 45.69
15.46 -7.56 17.24 16.14 21.85 1.61 47.62 45.67
15.58 -7.53 14.64 16.14 16.98 1.61 47.73 45.66
15.58 -7.53 14.48 16.08 10.98 1.60 47.73 45.66
15.74 -7.49 17.02 3.45 17.17 1.60 47.88 45.63
15.80 -7.47 17.00 1.07 22.21 1.60 47.93 45.63
15.85 -7.46 16.94 1.07 22.27 1.59 47.99 45.62
15.91 -7.44 16.85 1.09 11.35 1.59 48.05 45.62
16.02 -7.41 16.76 1.08 22.51 1.58 48.14 45.60
16.08 -7.40 16.71 1.09 11.57 1.58 48.21 45.60
16.23 -7.35 16.54 1.10 11.65 1.61 48.37 45.58
16.31 -7.33 16.45 1.10 22.78 1.74 48.46 45.57
16.35 -7.31 16.41 1.10 11.80 1.74 48.50 45.57
16.42 -7.28 16.32 1.09 22.92 1.76 48.58 45.57
16.42 -7.28 13.64 1.09 11.88 1.78 48.58 45.57
16.46 -7.27 16.27 1.30 22.97 1.55 48.63 45.57
16.48 -7.26 16.25 1.32 11.92 1.55 48.65 45.57
16.48 -7.26 13.65 1.34 11.97 1.56 48.65 45.57
16.52 -7.24 16.16 1.34 23.03 1.56 48.69 45.58
16.58 -7.21 16.03 3.04 12.06 1.56 48.76 45.58
16.65 -7.18 13.47 3.20 12.09 1.72 48.84 45.59
16.74 -7.13 16.01 5.86 23.23 1.72 48.94 45.59
16.78 -7.11 15.94 5.97 18.32 1.73 48.99 45.60
16.84 -7.08 15.89 2.31 12.35 1.74 49.06 45.60
16.94 -7.03 15.79 6.78 23.45 1.74 49.17 45.61
16.99 -7.00 15.72 6.77 23.50 1.75 49.23 45.62
16.99 -7.00 15.56 6.71 18.58 1.76 49.23 45.62
17.08 -6.96 15.54 3.26 23.68 1.77 49.32 45.63
17.17 -6.91 15.50 4.16 23.77 1.78 49.42 45.64
17.27 -6.85 15.38 1.14 23.85 1.81 49.55 45.66
17.30 -6.83 15.34 1.13 23.89 1.79 49.58 45.66
17.34 -6.81 15.30 1.12 28.26 1.81 49.62 45.66
17.36 -6.80 15.26 1.45 24.00 1.90 49.64 45.67
17.41 -6.77 15.18 3.23 24.05 1.91 49.71 45.68
17.43 -6.76 15.11 3.20 24.12 1.88 49.73 45.68
17.49 -6.72 15.12 1.18 28.46 1.94 49.79 45.69
17.57 -6.67 15.03 0.98 28.51 1.94 49.87 45.71
17.62 -6.64 14.99 0.97 28.56 1.94 49.92 45.71
17.66 -6.62 14.94 0.95 28.66 1.86 49.97 45.72
17.80 -6.53 14.79 0.97 28.77 4.90 50.12 45.75
17.84 -6.51 14.73 1.08 28.83 4.90 50.16 45.75
17.92 -6.46 14.60 1.44 28.91 6.33 50.25 45.77
17.95 -6.44 14.53 1.43 24.62 6.33 50.29 45.77
17.98 -6.42 12.04 1.43 24.71 2.70 50.32 45.78
18.01 -6.40 14.53 1.42 29.10 2.67 50.36 45.79
18.06 -6.37 14.42 1.41 29.12 2.63 50.42 45.80
18.08 -6.36 14.37 1.40 29.16 2.61 50.44 45.80
18.12 -6.33 11.75 1.40 24.87 2.53 50.49 45.81
18.14 -6.32 11.67 1.39 24.90 2.52 50.51 45.82
18.16 -6.30 11.65 1.38 24.92 2.49 50.54 45.82
18.22 -6.26 11.57 1.39 25.01 2.42 50.61 45.83
18.25 -6.24 11.58 1.38 29.33 2.40 50.65 45.84
18.27 -6.23 11.51 1.37 29.36 2.37 50.67 45.84
18.27 -6.23 11.51 1.36 29.39 2.34 50.67 45.84
18.33 -6.19 14.06 1.35 29.43 2.31 50.73 45.86
18.35 -6.18 14.03 1.35 29.49 2.27 50.76 45.86
18.35 -6.18 14.02 1.34 29.52 2.25 50.76 45.86
18.40 -6.14 11.38 1.33 25.18 2.18 50.82 45.87
18.43 -6.13 13.95 1.33 29.54 2.19 50.85 45.88
18.46 -6.11 11.30 1.20 25.26 2.07 50.88 45.88
18.49 -6.09 11.33 1.19 29.60 2.06 50.92 45.89
18.53 -6.06 13.86 1.18 29.64 2.07 50.96 45.90
18.61 -6.02 11.17 1.18 29.72 2.10 51.05 45.91
18.65 -5.99 13.74 1.18 25.62 2.12 51.10 45.91
18.73 -5.95 11.00 1.17 29.87 2.12 51.19 45.93
18.76 -5.93 10.97 1.15 29.92 2.13 51.23 45.93
18.76 -5.93 13.54 1.15 29.96 1.99 51.23 45.93
18.83 -5.89 10.84 1.14 30.01 0.73 51.30 45.94
18.92 -5.84 10.78 1.13 30.10 0.74 51.41 45.95
18.95 -5.83 13.36 1.12 25.98 0.75 51.44 45.95
19.00 -5.80 10.77 1.12 30.20 0.76 51.50 45.96
19.03 -5.79 13.30 1.11 26.01 0.76 51.53 45.96
19.09 -5.76 10.64 1.11 30.27 0.76 51.59 45.96
19.13 -5.74 13.17 0.71 26.13 0.77 51.63 45.96
19.17 -5.72 10.53 0.71 30.39 0.78 51.67 45.96
19.17 -5.72 13.09 0.71 26.21 0.78 51.67 45.96
19.27 -5.68 10.42 0.71 30.51 0.89 51.78 45.97
19.29 -5.67 12.99 0.70 26.33 0.89 51.81 45.97
19.35 -5.64 10.35 1.07 30.57 0.93 51.88 45.97
19.37 -5.63 12.90 1.08 30.58 0.93 51.91 45.97
19.40 -5.62 12.90 1.07 26.40 0.93 51.93 45.97
19.42 -5.61 10.25 1.08 30.67 0.93 51.95 45.97
19.46 -5.59 12.82 1.08 26.53 0.92 52.00 45.96
19.49 -5.58 12.80 1.08 26.52 0.92 52.03 45.96
19.55 -5.56 10.14 1.07 30.79 0.92 52.10 45.96
19.55 -5.56 12.66 1.07 30.82 0.92 52.10 45.96
19.60 -5.54 12.63 1.09 26.65 0.91 52.16 45.96
19.68 -5.51 12.60 1.08 21.65 0.92 52.25 45.95
19.74 -5.49 9.95 1.09 31.01 0.77 52.30 45.95
19.78 -5.47 12.45 1.09 31.07 0.87 52.34 45.95
19.86 -5.44 12.41 1.09 31.11 0.89 52.42 45.94
19.90 -5.42 9.73 1.09 31.16 0.88 52.47 45.94
19.97 -5.40 12.28 1.10 27.04 0.87 52.55 45.93
20.01 -5.38 12.18 1.10 31.31 0.86 52.58 45.93
20.03 -5.38 12.19 1.10 31.34 0.86 52.61 45.93
20.03 -5.38 12.16 1.10 27.12 0.81 52.61 45.93
20.07 -5.36 12.15 1.11 27.17 0.77 52.64 45.92
20.09 -5.36 12.14 1.11 22.09 0.72 52.67 45.92
20.10 -5.35 12.11 1.11 27.22 0.71 52.68 45.92
20.12 -5.35 12.11 1.11 27.23 0.70 52.70 45.92
20.13 -5.35 12.10 1.11 27.25 0.71 52.71 45.91
20.13 -5.35 12.05 1.11 27.25 0.73 52.71 45.91
20.20 -5.32 12.02 1.12 31.48 0.73 52.78 45.91
20.26 -5.30 12.00 1.12 22.23 0.73 52.84 45.90
20.30 -5.29 11.97 1.13 22.25 0.72 52.88 45.89
20.39 -5.26 11.89 0.62 27.47 0.72 52.98 45.88
20.44 -5.24 11.83 0.65 27.50 0.72 53.02 45.87
20.50 -5.23 11.76 0.66 22.53 0.71 53.08 45.87
20.50 -5.23 11.65 0.67 22.57 0.70 53.08 45.87
20.66 -5.17 11.59 0.69 27.76 0.70 53.23 45.85
20.76 -5.13 11.48 0.68 27.96 0.69 53.34 45.84
20.83 -5.11 11.42 0.70 22.87 0.69 53.41 45.83
20.92 -5.07 11.30 0.70 22.90 0.51 53.51 45.82
20.98 -5.05 11.24 0.71 32.33 0.52 53.56 45.82
20.98 -5.05 11.14 0.72 32.41 0.51 53.56 45.82
21.10 -5.00 11.09 0.73 23.19 0.53 53.70 45.80
21.10 -5.00 11.03 0.71 32.49 0.52 53.70 45.80
21.16 -4.98 10.82 0.75 32.57 0.53 53.76 45.80
21.23 -4.94 10.90 0.75 23.32 0.53 53.85 45.80
21.26 -4.93 10.84 0.74 28.39 0.54 53.89 45.80
21.30 -4.91 10.81 0.73 28.44 0.50 53.93 45.79
21.33 -4.90 10.79 0.74 32.72 0.49 53.96 45.79
21.35 -4.88 10.75 0.74 32.73 0.50 54.00 45.79
21.40 -4.86 10.71 0.73 32.82 0.49 54.05 45.80
21.44 -4.83 10.69 0.74 32.88 0.49 54.10 45.80
21.47 -4.82 10.67 0.74 32.88 0.50 54.13 45.80
21.47 -4.82 10.55 0.72 32.92 0.49 54.13 45.80
21.54 -4.78 10.58 0.73 32.97 0.51 54.21 45.80
21.54 -4.78 10.49 0.71 32.98 0.51 54.21 45.80
21.58 -4.76 10.48 0.69 33.04 0.51 54.26 45.81
21.64 -4.72 10.39 0.70 33.05 0.50 54.33 45.81
21.68 -4.69 10.40 0.69 28.90 0.52 54.38 45.81
21.70 -4.68 10.38 0.68 28.95 0.52 54.40 45.82
21.72 -4.67 10.34 1.17 33.15 0.51 54.43 45.82
21.76 -4.64 10.30 1.17 33.21 0.52 54.48 45.82
21.79 -4.63 10.26 1.17 33.25 0.52 54.51 45.83
21.81 -4.61 10.17 1.16 33.34 0.53 54.53 45.83
21.88 -4.56 10.20 1.16 29.21 0.53 54.62 45.84
21.91 -4.55 10.17 1.15 29.22 0.53 54.64 45.84
21.98 -4.50 10.06 1.14 33.49 0.54 54.73 45.85
21.98 -4.50 7.73 1.13 33.52 0.54 54.73 45.85
22.04 -4.45 9.94 1.12 29.32 0.53 54.81 45.86
22.11 -4.41 9.82 1.12 33.61 0.74 54.88 45.87
22.15 -4.38 9.81 1.11 33.65 0.75 54.93 45.88
22.19 -4.35 9.80 1.10 33.70 0.75 54.98 45.88
22.23 -4.32 9.70 1.10 24.54 0.77 55.03 45.89
22.31 -4.27 9.63 1.08 33.90 0.80 55.13 45.90
22.35 -4.24 9.56 1.07 24.62 0.80 55.14 45.91
22.42 -4.20 9.47 1.06 24.70 0.80 55.23 45.92
22.49 -4.16 9.37 1.06 18.01 0.82 55.31 45.93
22.57 -4.10 9.34 1.04 29.95 0.83 55.42 45.94
22.59 -4.09 9.30 1.04 24.92 0.84 55.46 45.94
22.62 -4.07 9.28 1.03 18.10 0.84 55.49 45.94
22.65 -4.06 9.24 1.04 18.10 0.84 55.53 45.94
22.67 -4.04 9.23 1.04 18.16 0.82 55.56 45.95
22.68 -4.04 9.22 1.04 18.19 0.89 55.57 45.95
22.69 -4.03 9.21 1.03 18.21 0.89 55.58 45.95
22.69 -4.03 9.20 1.04 18.21 0.88 55.58 45.95
22.69 -4.03 9.21 1.04 18.21 0.89 55.58 45.95
22.69 -4.03 9.21 1.03 18.20 0.88 55.58 45.95
22.69 -4.03 9.21 1.03 18.22 0.89 55.58 45.95
22.69 -4.03 9.21 1.04 18.22 0.90 55.58 45.95
22.69 -4.03 9.20 1.04 18.22 0.90 55.58 45.95
22.69 -4.03 9.21 1.04 18.22 0.90 55.58 45.95
22.69 -4.03 9.21 1.03 18.22 0.90 55.58 45.95
22.69 -4.03 9.21 1.03 18.23 0.89 55.58 45.95
22.69 -4.03 9.21 1.03 18.22 0.90 55.59 45.95
22.69 -4.03 9.21 1.03 18.23 0.90 55.59 45.95
22.69 -4.03 9.21 1.03 18.22 0.90 55.59 45.95
22.69 -4.03 9.20 1.04 18.22 0.90 55.58 45.95
22.69 -4.03 9.21 1.03 18.22 0.90 55.58 45.95
22.69 -4.03 9.20 1.03 18.23 0.90 55.59 45.95
22.69 -4.03 9.20 1.03 18.22 0.90 55.59 45.95
22.69 -4.03 9.21 1.03 18.22 0.90 55.59 45.95
22.69 -4.03 9.21 1.02 18.22 0.90 55.59 45.95
22.69 -4.03 9.20 1.04 18.23 0.90 55.59 45.95
22.69 -4.03 9.20 1.03 18.22 0.90 55.59 45.95
22.69 -4.03 9.20 1.03 18.23 0.90 55.59 45.95
22.69 -4.03 9.20 1.04 18.23 0.90 55.59 45.95
22.69 -4.03 9.20 1.03 18.22 0.90 55.59 45.95
22.69 -4.03 9.20 1.03 18.21 0.90 55.59 45.95
22.69 -4.03 9.19 1.02 18.21 0.90 55.59 45.95
22.69 -4.03 9.19 1.03 18.21 0.90 55.59 45.95
22.69 -4.03 9.19 1.03 18.21 0.89 55.59 45.95
22.69 -4.03 9.19 1.03 18.21 0.89 55.59 45.95
22.69 -4.03 9.19 1.03 18.21 0.89 55.59 45.95
22.69 -4.03 9.19 1.03 18.21 0.89 55.59 45.95
22.69 -4.03 9.20 1.03 18.21 0.90 55.59 45.95
22.69 -4.03 9.20 1.02 18.21 0.90 55.59 45.95
22.69 -4.03 9.20 1.03 18.21 0.90 55.59 45.95
22.69 -4.03 9.19 1.03 18.22 0.90 55.59 45.95
22.69 -4.03 9.20 1.03 18.22 0.90 55.59 45.95
22.69 -4.03 9.20 1.02 18.23 0.90 55.59 45.95
22.69 -4.03 9.20 1.03 18.22 0.90 55.59 45.95
22.69 -4.03 9.20 1.02 18.22 0.90 55.59 45.95
22.69 -4.03 9.20 1.03 18.22 0.90 55.59 45.95
22.69 -4.03 9.20 1.03 18.21 0.90 55.59 45.95
22.69 -4.03 9.20 1.03 18.22 0.90 55.59 45.95
22.69 -4.03 9.20 1.03 18.22 0.90 55.59 45.95
22.69 -4.03 9.20 1.03 18.21 0.90 55.59 45.95
22.69 -4.03 9.20 1.03 18.22 0.90 55.59 45.95
22.69 -4.03 9.20 1.03 18.22 0.90 55.59 45.95
22.69 -4.03 9.20 1.03 18.23 0.90 55.59 45.95
22.69 -4.03 9.19 1.03 18.22 0.90 55.59 45.95
22.69 -4.03 9.19 1.04 18.22 0.89 55.59 45.95
22.69 -4.03 9.19 1.03 18.22 0.91 55.59 45.95
22.69 -4.03 6.57 1.02 25.07 2.33 55.59 45.95
22.69 -4.03 6.57 1.02 30.06 2.30 55.58 45.95
22.69 -4.03 6.57 1.01 18.25 2.30 55.59 45.95
22.69 -4.03 6.59 1.02 30.05 2.22 55.59 45.95
22.69 -4.03 6.57 1.02 25.06 2.20 55.59 45.95
22.69 -4.03 9.19 1.01 12.90 0.71 55.59 45.95
22.69 -4.03 5.23 0.99 6.80 0.75 55.59 45.95
22.69 -4.03 9.15 1.00 25.17 0.70 55.59 45.95
22.70 -4.03 9.18 1.02 30.10 0.58 55.59 45.95
22.70 -4.03 9.19 1.01 30.10 0.56 55.59 45.95
22.70 -4.03 6.59 1.02 30.12 0.63 55.59 45.94
22.70 -4.03 9.19 1.02 30.15 0.58 55.59 45.94
22.70 -4.03 9.17 1.01 7.04 0.56 55.59 45.94
22.70 -4.03 9.15 1.01 7.04 0.48 55.60 45.94
22.71 -4.03 9.15 1.01 6.99 0.48 55.60 45.94
22.72 -4.05 9.15 1.02 30.29 0.46 55.61 45.92
22.72 -4.05 9.14 1.02 34.63 0.46 55.61 45.92
22.72 -4.06 9.12 1.04 7.07 0.43 55.60 45.91
22.73 -4.06 6.50 1.04 19.35 0.42 55.60 45.90
22.73 -4.06 9.15 1.05 25.41 0.39 55.61 45.90
22.73 -4.06 9.15 1.05 18.47 0.42 55.61 45.90
22.73 -4.07 9.15 1.05 30.30 0.39 55.62 45.90
22.73 -4.07 9.15 1.05 25.30 0.40 55.63 45.90
22.73 -4.07 9.15 1.05 18.27 0.43 55.63 45.90
22.73 -4.09 9.15 1.04 25.19 0.42 55.61 45.88
22.73 -4.09 6.60 1.05 19.04 0.46 55.62 45.88
22.73 -4.09 9.16 1.07 8.41 0.38 55.62 45.88
22.72 -4.10 9.15 1.08 18.20 0.47 55.60 45.87
22.72 -4.10 9.16 1.09 18.18 0.46 55.61 45.87
22.72 -4.11 9.15 1.08 25.02 0.45 55.60 45.87
22.72 -4.11 9.15 1.07 24.96 0.60 55.60 45.87
22.72 -4.11 9.15 1.07 29.93 0.57 55.60 45.87
22.72 -4.11 9.14 1.07 18.87 0.59 55.60 45.87
22.72 -4.11 9.13 1.07 18.83 0.61 55.59 45.87
22.72 -4.11 9.15 1.07 24.91 0.61 55.59 45.87
22.72 -4.11 9.16 1.10 29.89 0.63 55.60 45.87
22.72 -4.11 9.16 1.09 29.85 0.66 55.59 45.87
22.72 -4.11 9.15 1.08 24.90 0.71 55.58 45.87
22.72 -4.11 9.15 1.09 29.89 0.72 55.59 45.87
22.72 -4.11 9.15 1.08 24.98 0.74 55.59 45.87
22.71 -4.11 9.15 1.08 29.88 0.75 55.58 45.87
22.70 -4.12 9.16 1.09 29.87 0.75 55.57 45.87
22.70 -4.12 9.17 1.10 34.19 0.76 55.57 45.87
22.69 -4.13 9.17 1.09 34.16 0.79 55.56 45.87
22.68 -4.13 9.19 1.08 34.15 0.78 55.55 45.87
22.67 -4.14 9.22 1.09 34.11 0.78 55.54 45.87
22.62 -4.17 9.25 1.08 29.74 0.79 55.49 45.87
22.57 -4.19 9.29 1.08 29.73 0.79 55.44 45.87
22.54 -4.21 9.30 1.12 24.73 0.85 55.41 45.87
22.51 -4.23 9.33 1.12 24.70 0.85 55.38 45.87
22.51 -4.23 9.36 1.13 24.60 0.85 55.38 45.87
22.38 -4.30 9.46 1.13 24.57 0.84 55.23 45.87
22.33 -4.33 9.51 1.13 24.63 0.79 55.18 45.86
22.27 -4.36 9.62 1.13 29.44 0.78 55.12 45.86
22.23 -4.39 9.75 1.13 29.38 0.78 55.07 45.86
22.02 -4.50 9.88 0.66 15.69 0.76 54.84 45.87
22.02 -4.50 9.93 0.65 11.77 0.76 54.84 45.87
21.90 -4.55 9.98 0.64 17.06 0.76 54.71 45.88
21.85 -4.56 10.05 0.62 11.70 0.75 54.66 45.89
21.73 -4.59 10.17 0.61 28.83 0.73 54.52 45.92
21.68 -4.60 10.23 0.60 33.09 0.73 54.47 45.94
21.62 -4.61 10.28 0.58 33.06 0.60 54.39 45.96
21.54 -4.62 10.44 0.54 11.45 0.65 54.33 45.98
21.47 -4.64 6.45 0.50 6.79 0.71 54.24 46.00
21.47 -4.64 10.53 0.51 28.52 0.72 54.24 46.00
21.45 -4.65 10.53 0.50 16.64 0.74 54.23 46.01
21.45 -4.65 10.50 0.50 16.60 0.75 54.20 46.02
21.45 -4.65 10.55 0.50 16.61 0.77 54.22 46.01
21.45 -4.65 10.53 0.52 16.66 0.77 54.22 46.01
21.45 -4.65 10.55 0.47 23.51 0.77 54.21 46.01
21.44 -4.65 10.53 0.48 32.80 0.75 54.21 46.01
21.44 -4.65 10.54 0.47 32.80 0.74 54.24 46.00
21.44 -4.65 10.54 0.48 28.49 0.72 54.22 46.00
21.44 -4.65 10.54 0.48 28.48 0.72 54.22 46.00
21.43 -4.66 10.57 0.48 32.78 0.73 54.22 46.00
21.42 -4.67 10.57 0.48 32.75 0.73 54.19 46.00
21.40 -4.68 10.57 0.48 32.76 0.74 54.18 46.00
21.39 -4.69 10.59 0.50 32.75 0.74 54.17 46.00
21.39 -4.69 10.59 0.51 23.42 0.76 54.15 46.00
21.37 -4.70 10.60 0.52 32.71 0.78 54.13 46.00
21.35 -4.71 10.63 0.51 32.68 0.77 54.13 46.00
21.33 -4.72 10.66 0.51 32.67 0.76 54.09 46.00
21.31 -4.73 10.68 0.51 23.29 0.75 54.09 46.00
21.26 -4.76 10.70 0.51 14.52 0.77 54.02 46.01
21.19 -4.80 10.76 0.47 17.17 0.75 53.96 46.01
21.17 -4.82 10.80 0.49 15.01 0.73 53.93 46.00
21.13 -4.85 10.88 0.49 15.06 0.87 53.90 46.00
21.06 -4.90 10.92 0.50 28.01 0.86 53.83 45.98
21.01 -4.94 10.97 0.51 32.21 0.84 53.78 45.97
20.92 -5.00 8.45 0.50 27.83 0.86 53.68 45.96
20.81 -5.07 11.21 0.52 27.78 0.87 53.60 45.95
20.77 -5.10 11.33 0.50 32.05 0.87 53.54 45.95
20.61 -5.19 11.45 0.50 31.87 0.87 53.37 45.94
20.61 -5.19 11.58 0.54 31.69 0.91 53.37 45.94
20.45 -5.29 11.64 0.52 31.63 0.93 53.21 45.95
20.40 -5.33 11.77 0.53 31.52 0.91 53.16 45.95
20.30 -5.38 11.82 1.06 27.12 0.87 53.05 45.95
20.24 -5.42 11.94 1.07 27.00 0.87 52.99 45.95
20.15 -5.48 12.01 1.06 26.94 0.86 52.87 45.95
20.09 -5.52 12.19 1.07 26.81 0.91 52.80 45.95
19.88 -5.64 12.31 1.07 26.70 0.92 52.57 45.95
19.83 -5.67 12.38 1.07 30.96 0.93 52.53 45.95
19.78 -5.70 12.50 0.95 30.90 0.87 52.46 45.95
19.68 -5.76 12.57 0.65 30.77 0.88 52.37 45.95
19.62 -5.80 12.62 0.65 30.71 0.96 52.32 45.96
19.62 -5.80 12.68 0.71 30.59 0.94 52.32 45.96
19.52 -5.86 12.82 1.07 30.53 0.95 52.18 45.96
19.37 -5.95 12.93 1.07 26.07 0.96 52.00 45.96
19.37 -5.95 13.01 1.07 25.88 0.95 52.00 45.96
19.21 -6.05 13.11 1.06 25.76 0.95 51.81 45.96
19.10 -6.11 13.23 1.06 25.71 0.95 51.69 45.96
19.06 -6.14 13.30 1.05 25.68 0.95 51.61 45.96
19.00 -6.18 13.42 1.17 29.84 0.85 51.54 45.97
18.90 -6.24 13.48 1.17 29.77 0.86 51.42 45.97
18.85 -6.27 13.54 1.17 29.66 0.86 51.36 45.97
18.75 -6.33 13.67 1.18 29.58 0.86 51.24 45.97
18.69 -6.37 13.72 1.18 29.53 0.86 51.17 45.97
18.64 -6.40 13.91 1.16 29.41 2.29 51.10 45.98
18.44 -6.52 14.03 1.15 24.96 2.29 50.89 45.99
18.38 -6.56 14.09 1.14 24.92 2.29 50.81 45.99
18.28 -6.62 14.23 0.67 29.11 2.39 50.69 45.99
18.22 -6.66 14.35 0.60 29.05 2.53 50.62 46.00
18.13 -6.72 14.41 7.78 28.92 3.04 50.51 46.00
18.08 -6.76 14.52 7.78 24.67 5.16 50.46 45.99
18.03 -6.80 14.58 5.39 28.81 4.91 50.41 45.99
17.94 -6.89 14.72 3.16 28.66 4.71 50.28 45.97
17.87 -6.97 14.76 5.44 24.25 4.69 50.19 45.94
17.79 -7.07 14.89 3.17 19.19 2.08 50.07 45.91
17.76 -7.12 14.95 16.26 13.01 2.10 50.02 45.89
17.72 -7.17 14.99 6.21 12.92 2.09 49.95 45.87
17.65 -7.26 15.11 6.33 12.39 2.06 49.85 45.83
17.61 -7.32 15.22 8.39 12.00 2.04 49.78 45.81
17.57 -7.36 15.27 6.48 11.72 2.02 49.67 45.78
17.47 -7.51 15.39 6.47 10.70 1.85 49.49 45.72
17.43 -7.55 15.46 6.49 10.57 1.83 49.44 45.70
17.39 -7.61 15.51 6.50 10.39 1.80 49.40 45.70
17.32 -7.70 15.62 3.11 9.81 1.76 49.29 45.66
17.28 -7.76 15.74 3.15 9.70 1.74 49.24 45.64
17.25 -7.80 15.86 3.16 9.63 1.72 49.19 45.62
17.17 -7.90 15.91 3.14 9.43 1.69 49.08 45.58
17.10 -7.99 15.96 3.22 9.31 1.67 48.96 45.55
17.05 -8.04 15.97 5.78 9.25 1.67 48.89 45.53
16.97 -8.12 16.14 5.81 9.42 1.54 48.80 45.52
16.92 -8.16 16.20 5.82 9.34 1.56 48.72 45.51
16.87 -8.19 5.30 5.89 11.62 1.56 48.68 45.51
16.77 -8.27 5.38 1.12 22.58 1.57 48.56 45.50
16.68 -8.33 5.44 1.12 17.48 1.58 48.45 45.50
16.63 -8.38 11.83 1.11 10.99 1.59 48.39 45.51
16.63 -8.38 5.58 1.11 26.61 1.60 48.39 45.51
16.53 -8.44 16.69 1.16 26.53 1.56 48.28 45.50
16.47 -8.47 5.95 1.16 22.16 1.54 48.20 45.51
16.42 -8.50 3.63 1.12 10.17 1.55 48.16 45.51
16.19 -8.57 12.28 1.36 16.96 1.53 47.95 45.57
16.13 -8.59 6.04 1.39 26.21 1.55 47.88 45.59
16.13 -8.59 5.05 1.23 26.04 1.56 47.88 45.59
16.02 -8.62 5.01 1.24 26.05 1.57 47.76 45.64
15.90 -8.65 6.32 1.33 25.90 1.80 47.67 45.68
15.84 -8.67 6.39 1.06 21.72 1.82 47.62 45.69
15.78 -8.69 6.47 1.33 25.87 1.86 47.57 45.71
15.67 -8.73 11.95 0.94 25.75 1.90 47.47 45.74
15.55 -8.77 6.92 0.98 25.64 1.91 47.38 45.77
15.55 -8.77 7.47 1.05 25.52 1.93 47.38 45.77
15.38 -8.83 6.84 1.34 25.45 1.97 47.20 45.81
15.33 -8.86 11.19 2.11 25.39 2.00 47.12 45.84
15.27 -8.88 13.32 2.12 25.34 2.07 47.05 45.86
15.16 -8.93 13.43 10.84 25.22 2.16 46.91 45.89
15.05 -8.98 13.48 1.95 25.08 2.16 46.81 45.90
15.05 -8.98 15.66 1.32 20.63 2.17 46.81 45.90
14.89 -9.07 13.67 1.35 24.88 2.15 46.61 45.94
14.84 -9.09 13.76 1.96 24.82 2.13 46.56 45.95
14.77 -9.13 13.86 1.59 24.76 6.55 46.47 45.96
14.68 -9.18 13.97 16.13 24.65 5.71 46.34 45.98
14.62 -9.21 14.06 1.86 24.57 5.72 46.30 45.99
14.52 -9.26 14.16 13.44 24.46 5.74 46.18 46.01
14.41 -9.32 13.78 16.10 24.32 3.20 46.08 46.03
14.35 -9.35 14.26 12.22 24.28 3.10 45.98 46.05
14.29 -9.38 14.44 12.20 24.22 2.85 45.90 46.06
14.14 -9.48 14.51 12.22 24.04 2.50 45.69 46.10
14.10 -9.51 14.59 12.23 23.98 2.42 45.64 46.10
14.10 -9.51 19.44 16.09 14.56 2.42 45.64 46.10
14.00 -9.59 19.50 16.07 14.48 2.29 45.50 46.10
13.91 -9.66 19.63 16.13 19.29 2.26 45.37 46.10
13.81 -9.74 19.68 16.14 19.18 2.25 45.24 46.10
13.72 -9.82 19.81 16.14 23.43 2.25 45.08 46.09
13.68 -9.86 19.86 16.15 23.35 2.23 45.02 46.09
13.63 -9.90 19.94 16.14 23.30 2.32 44.98 46.08
13.54 -9.98 20.05 15.88 23.24 2.32 44.83 46.08
13.44 -10.06 20.19 15.63 23.11 2.31 44.71 46.07
13.40 -10.10 20.25 15.45 23.05 2.30 44.66 46.06
13.40 -10.10 20.36 15.48 22.93 2.29 44.66 46.06
13.31 -10.18 20.42 15.49 22.87 2.29 44.51 46.06
13.27 -10.22 17.90 15.49 22.68 2.27 44.46 46.05
13.13 -10.34 17.98 15.50 22.63 2.29 44.28 46.04
13.08 -10.39 15.92 15.51 22.57 2.29 44.20 46.04
13.03 -10.43 15.98 14.97 22.51 2.28 44.14 46.04
12.99 -10.46 20.77 14.79 18.14 2.27 44.06 46.04
12.90 -10.54 16.16 14.72 22.38 2.28 43.94 46.03
12.86 -10.58 21.01 16.28 18.00 2.27 43.87 46.02
12.80 -10.63 21.08 16.28 17.95 2.26 43.81 46.02
12.72 -10.70 21.15 16.28 17.89 2.24 43.68 46.02
12.67 -10.75 18.63 16.30 22.07 2.24 43.60 46.01
12.58 -10.82 18.70 16.33 21.95 2.17 43.49 46.01
12.53 -10.87 16.78 6.73 21.89 2.17 43.42 46.01
12.39 -10.99 16.88 6.74 21.71 2.16 43.23 46.00
12.31 -11.06 16.94 6.74 21.60 2.16 43.12 45.99
12.26 -11.11 17.06 15.53 21.53 2.15 43.05 45.99
12.17 -11.18 17.11 15.52 21.41 2.15 42.93 45.99
12.12 -11.23 17.17 15.51 21.35 2.15 42.86 45.99
12.08 -11.27 16.20 15.66 21.29 2.11 42.79 45.98
11.94 -11.39 16.29 11.72 21.11 1.99 42.61 45.98
11.90 -11.42 11.32 81.91 21.05 1.99 42.55 45.98
11.85 -11.47 11.36 6.83 20.99 1.99 42.47 45.98
11.80 -11.50 11.38 6.83 20.93 1.99 42.43 45.97
11.80 -11.50 11.43 0.70 20.68 1.99 42.43 45.97
11.62 -11.66 11.62 0.70 20.56 1.99 42.17 45.97
11.49 -11.78 16.98 0.71 20.51 1.99 41.97 45.96
11.44 -11.83 17.02 0.71 20.44 1.98 41.91 45.96
11.40 -11.86 12.02 0.71 20.38 1.99 41.85 45.96
11.26 -11.99 12.09 0.71 20.20 2.15 41.65 45.96
11.21 -12.02 12.14 0.71 20.14 2.15 41.58 45.96
11.16 -12.07 12.25 0.71 20.07 2.15 41.52 45.96
11.08 -12.14 12.37 0.71 19.95 2.15 41.41 45.96
11.03 -12.19 18.68 1.01 19.89 2.15 41.34 45.96
10.94 -12.27 17.66 1.12 19.76 2.14 41.20 45.96
10.85 -12.35 18.05 1.81 19.63 2.15 41.12 45.96
10.80 -12.38 12.75 1.21 19.57 2.15 41.02 45.96
10.75 -12.43 12.82 1.19 19.51 2.15 40.95 45.95
10.67 -12.50 12.90 1.19 19.39 2.14 40.85 45.95
10.62 -12.55 12.96 1.18 19.33 2.16 40.78 45.96
10.62 -12.55 13.03 1.20 19.15 2.14 40.78 45.96
10.48 -12.67 13.10 1.19 19.09 2.24 40.60 45.96
10.44 -12.70 13.16 1.19 19.03 2.24 40.55 45.96
10.39 -12.75 13.26 1.19 18.91 2.24 40.48 45.96
10.25 -12.87 18.72 1.18 18.85 2.24 40.30 45.96
10.21 -12.91 13.61 1.17 18.79 6.57 40.24 45.96
10.07 -13.03 13.68 1.17 18.61 6.57 40.06 45.97
10.07 -13.03 13.73 1.16 18.48 6.56 40.06 45.97
9.98 -13.11 13.84 1.16 18.37 6.57 39.93 45.97
9.84 -13.23 13.98 1.15 18.31 6.57 39.75 45.98
9.80 -13.27 11.68 1.16 18.25 2.98 39.69 45.98
9.76 -13.31 14.14 1.15 18.18 2.82 39.63 45.98
9.71 -13.35 14.28 1.11 18.12 2.16 39.56 45.97
9.63 -13.43 14.37 1.11 18.00 2.17 39.44 45.98
9.54 -13.52 14.43 1.11 17.88 2.17 39.34 45.98
9.50 -13.56 14.50 1.12 17.82 0.75 39.29 45.98
9.45 -13.61 14.54 1.11 17.75 0.74 39.23 45.98
9.45 -13.61 14.59 1.11 17.60 0.74 39.23 45.98
9.32 -13.73 14.69 1.11 17.55 0.73 39.10 45.98
9.28 -13.77 14.76 1.11 17.48 0.74 39.04 45.98
9.28 -13.77 14.86 1.12 17.38 0.74 39.04 45.98
9.20 -13.85 14.91 1.10 17.25 0.84 38.94 45.98
9.13 -13.92 21.32 1.17 17.16 0.74 38.86 45.98
9.07 -13.98 21.36 1.16 17.09 0.74 38.77 45.97
9.04 -14.01 21.02 1.16 17.08 0.74 38.72 45.97
9.03 -14.01 20.87 1.16 17.06 0.73 38.70 45.98
9.03 -14.02 14.26 1.10 17.06 0.84 38.69 45.98
9.02 -14.02 21.51 1.10 12.68 0.81 38.68 45.97
9.02 -14.03 15.23 1.11 7.75 0.77 38.68 45.98
9.02 -14.03 12.61 1.13 7.18 0.72 38.68 45.97
9.02 -14.03 12.60 1.12 12.72 0.67 38.65 45.97
9.02 -14.03 12.68 1.11 12.68 0.65 38.67 45.97
9.02 -14.03 14.27 1.12 8.69 0.62 38.68 45.97
9.02 -14.03 23.64 1.10 4.82 0.58 38.64 45.97
9.02 -14.03 26.27 1.11 7.83 0.53 38.70 45.97
9.02 -14.03 4.04 1.10 1.84 0.44 38.68 45.97
9.02 -14.03 15.22 1.12 7.92 0.42 38.74 45.97
9.02 -14.03 20.47 1.12 2.61 0.41 38.73 45.97
9.02 -14.03 20.46 1.12 6.86 0.37 38.72 45.98
9.02 -14.03 21.54 1.12 6.07 0.36 38.72 45.98
9.02 -14.03 21.63 1.12 2.48 0.25 38.72 45.98
9.02 -14.03 23.66 1.13 6.92 0.28 38.74 45.97
9.02 -14.03 8.99 1.13 2.69 0.22 38.73 45.97
9.02 -14.03 21.54 1.13 2.40 0.22 38.68 45.97
9.02 -14.03 9.63 1.12 17.53 0.21 38.67 45.97
9.02 -14.03 8.34 1.13 13.17 0.23 38.68 45.97
9.02 -14.03 14.27 1.13 17.29 0.23 38.69 45.97
9.02 -14.03 8.49 1.12 17.43 0.25 38.68 45.97
9.02 -14.03 14.27 1.14 17.38 0.26 38.62 45.97
9.02 -14.03 8.38 1.13 13.06 0.30 38.70 45.97
9.02 -14.03 10.02 1.13 17.22 0.32 38.61 45.97
9.02 -14.03 8.42 1.14 13.03 0.34 38.66 45.97
9.02 -14.03 9.15 1.15 17.32 0.38 38.61 45.97
9.02 -14.03 8.38 1.15 12.98 0.40 38.60 45.97
9.02 -14.03 9.70 1.16 17.17 0.44 38.59 45.97
9.02 -14.03 8.45 1.15 12.95 0.49 38.57 45.98
9.02 -14.03 14.27 1.15 12.94 0.53 38.60 45.97
9.02 -14.03 21.62 1.16 12.94 0.58 38.57 45.97
9.02 -14.03 23.71 1.16 12.93 0.60 38.59 45.97
9.02 -14.03 21.61 1.15 17.24 0.72 38.58 45.97
9.02 -14.02 23.73 1.18 17.23 0.82 38.57 45.97
9.03 -14.02 23.73 1.18 17.23 0.80 38.61 45.97
9.04 -14.01 21.60 1.17 12.95 0.80 38.63 45.98
9.05 -13.99 23.71 1.17 17.26 0.79 38.65 45.98
9.07 -13.97 21.57 1.17 17.29 0.80 38.69 45.98
9.07 -13.97 21.55 1.16 17.32 0.80 38.69 45.98
9.10 -13.93 21.52 1.16 17.35 0.79 38.71 45.99
9.13 -13.90 14.23 1.16 17.38 0.79 38.75 45.99
9.16 -13.86 21.48 1.15 17.41 0.71 38.79 45.99
9.16 -13.86 23.49 1.14 17.45 0.71 38.79 45.99
9.20 -13.82 23.44 1.15 17.46 0.71 38.85 46.00
9.24 -13.77 21.31 1.12 17.51 0.74 38.92 46.00
9.28 -13.73 23.30 1.10 17.59 0.74 38.96 46.01
9.35 -13.66 23.25 1.11 17.64 0.74 39.05 46.01
9.40 -13.61 25.76 1.12 17.76 0.76 39.12 46.01
9.48 -13.54 23.07 1.10 17.82 0.77 39.20 46.01
9.52 -13.49 22.95 1.09 17.99 2.64 39.25 46.01
9.61 -13.41 25.38 1.10 17.99 3.04 39.38 46.01
9.74 -13.29 22.58 1.10 18.31 5.71 39.53 46.01
9.87 -13.16 25.07 1.11 18.44 5.69 39.65 46.00
9.96 -13.08 25.00 1.11 18.51 5.69 39.82 46.00
10.01 -13.04 24.95 1.11 18.56 5.69 39.85 46.00
10.06 -13.00 24.89 1.11 18.62 5.68 39.91 46.00
10.10 -12.96 24.76 1.12 18.74 2.19 40.00 46.00
10.19 -12.87 24.70 1.12 18.77 2.28 40.12 45.99
10.23 -12.83 22.02 1.11 18.92 2.29 40.18 45.99
10.27 -12.79 24.46 1.13 18.86 2.26 40.22 45.99
10.41 -12.67 24.34 1.13 15.02 2.24 40.40 45.99
10.50 -12.59 21.67 1.14 19.23 2.18 40.53 45.98
10.54 -12.55 24.23 1.15 19.28 2.18 40.61 45.98
10.59 -12.50 24.10 1.11 19.41 2.17 40.68 45.97
10.68 -12.42 24.04 1.16 19.47 2.17 40.82 45.96
10.72 -12.38 21.28 1.16 19.66 2.17 40.85 45.96
10.81 -12.30 21.11 10.51 19.78 2.16 40.93 45.96
10.94 -12.18 20.99 10.51 19.84 2.00 41.12 45.95
11.03 -12.09 20.93 6.50 19.96 2.00 41.27 45.94
11.08 -12.05 20.87 6.57 20.02 1.98 41.33 45.93
11.13 -12.01 20.77 1.92 20.09 1.99 41.40 45.93
11.21 -11.93 23.30 1.59 20.20 1.99 41.53 45.93
11.26 -11.88 23.25 1.59 20.26 1.97 41.61 45.92
11.30 -11.84 23.12 0.85 20.39 1.97 41.68 45.92
11.44 -11.72 23.06 0.73 20.50 1.96 41.83 45.91
11.48 -11.68 23.00 0.74 20.62 1.95 41.90 45.90
11.61 -11.56 22.80 0.74 20.69 1.94 42.09 45.89
11.66 -11.51 22.73 0.74 20.75 1.95 42.17 45.89
11.70 -11.47 22.67 0.74 20.83 1.94 42.22 45.88
11.70 -11.47 22.55 0.75 20.95 2.09 42.22 45.88
11.83 -11.35 22.49 0.76 21.07 2.09 42.39 45.88
11.87 -11.31 19.89 0.77 21.13 2.08 42.45 45.87
11.92 -11.26 19.77 0.77 21.25 2.08 42.50 45.87
11.96 -11.22 22.31 0.76 21.31 2.08 42.58 45.87
12.09 -11.09 22.12 10.59 17.16 2.08 42.74 45.86
12.13 -11.05 22.07 6.87 17.18 2.09 42.85 45.85
12.18 -11.00 22.01 2.62 21.60 2.06 42.91 45.86
12.24 -10.91 21.89 0.87 12.40 2.05 43.06 45.87
12.28 -10.85 21.81 2.68 12.45 2.05 43.08 45.88
12.28 -10.85 7.13 2.14 21.79 2.04 43.08 45.88
12.33 -10.75 9.64 2.62 21.86 2.04 43.28 45.90
12.36 -10.69 11.27 2.70 17.70 2.08 43.32 45.92
12.46 -10.47 18.78 6.79 22.15 2.09 43.60 45.99
12.48 -10.42 18.73 6.78 22.22 2.22 43.66 46.02
12.51 -10.35 18.66 0.98 22.27 2.22 43.74 46.04
12.56 -10.25 18.55 6.86 22.39 2.25 43.85 46.08
12.58 -10.19 18.50 8.04 22.49 2.29 43.92 46.10
12.61 -10.14 18.44 7.99 22.56 2.27 43.99 46.11
12.61 -10.14 18.17 7.16 22.65 2.37 43.99 46.11
12.70 -9.91 18.12 7.19 13.45 2.33 44.21 46.19
12.72 -9.86 4.15 7.83 13.49 2.33 44.28 46.21
12.76 -9.74 8.59 15.14 6.75 2.44 44.35 46.24
12.78 -9.68 8.54 15.12 6.82 2.45 44.41 46.27
12.79 -9.62 3.07 7.83 13.74 2.46 44.51 46.32
12.80 -9.51 2.82 6.99 23.22 2.52 44.59 46.38
12.79 -9.32 2.68 14.48 23.39 2.63 44.73 46.50
12.78 -9.25 2.70 14.75 23.45 2.65 44.79 46.56
12.77 -9.20 2.32 14.63 23.51 2.60 44.83 46.60
12.76 -9.14 2.25 14.52 14.52 2.69 44.89 46.67
12.69 -8.98 2.12 14.56 2.14 2.72 44.98 46.82
12.63 -8.86 2.06 11.60 2.22 2.87 45.05 46.96
12.60 -8.82 1.51 13.92 2.25 2.86 45.07 47.01
12.56 -8.76 1.32 13.85 2.28 2.92 45.07 47.05
12.56 -8.76 4.28 6.34 2.31 2.99 45.07 47.05
12.49 -8.67 4.38 13.51 2.34 3.01 45.10 47.16
12.44 -8.62 4.24 13.45 2.38 3.21 45.11 47.20
12.37 -8.54 1.13 8.96 2.40 3.32 45.12 47.27
12.24 -8.40 1.69 8.84 2.41 3.45 45.16 47.43
12.12 -8.28 1.67 13.10 2.40 3.55 45.19 47.61
12.07 -8.23 1.66 12.97 4.08 3.60 45.19 47.64
12.02 -8.19 1.63 12.90 4.09 3.70 45.21 47.74
12.02 -8.19 1.69 8.55 2.81 3.77 45.21 47.74
11.89 -8.07 1.69 12.75 2.75 3.88 45.25 47.96
11.84 -8.03 1.73 12.65 2.64 3.99 45.25 48.01
11.79 -7.99 81.93 12.60 2.60 4.06 45.26 48.08
11.71 -7.92 3.08 12.52 2.60 4.12 45.26 48.17
11.71 -7.92 2.93 12.43 2.50 4.17 45.26 48.17
11.56 -7.80 2.92 12.31 2.93 4.29 45.27 48.34
11.51 -7.76 2.88 12.28 5.93 4.36 45.28 48.43
11.47 -7.72 2.84 12.23 5.92 4.41 45.28 48.48
11.47 -7.72 2.77 12.12 5.91 4.47 45.28 48.48
11.37 -7.64 2.75 12.12 5.42 4.60 45.29 48.60
11.33 -7.61 4.90 13.14 5.91 4.72 45.29 48.64
11.14 -7.46 3.17 11.63 5.33 4.89 45.30 48.90
11.04 -7.38 3.27 11.57 5.32 4.97 45.31 49.04
11.00 -7.34 3.34 11.54 5.33 5.04 45.32 49.13
10.95 -7.30 3.37 12.90 5.33 5.10 45.32 49.20
10.90 -7.26 3.08 12.80 5.90 5.29 45.32 49.27
10.80 -7.18 3.07 12.70 5.90 5.34 45.33 49.38
10.71 -7.11 2.95 12.62 5.89 5.40 45.34 49.50
10.66 -7.07 3.05 12.56 5.89 5.46 45.34 49.57
10.62 -7.03 4.17 12.43 5.89 5.58 45.34 49.63
10.48 -6.92 3.77 12.38 5.89 5.71 45.36 49.90
10.43 -6.88 4.17 12.31 5.89 5.83 45.36 49.95
10.38 -6.84 4.09 12.24 5.88 5.88 45.36 50.03
10.29 -6.77 4.15 12.14 5.88 5.95 45.37 50.14
10.24 -6.73 8.61 12.12 5.88 6.00 45.38 50.22
10.24 -6.73 8.62 11.98 5.88 6.06 45.38 50.22
10.15 -6.65 8.62 11.93 5.88 6.11 45.39 50.35
10.10 -6.61 8.19 11.85 5.88 6.18 45.40 50.46
10.05 -6.57 7.40 11.71 5.86 6.36 45.40 50.53
9.96 -6.49 7.40 11.58 5.84 6.49 45.41 50.66
9.82 -6.37 5.41 11.50 5.83 6.60 45.42 50.78
9.74 -6.29 4.88 11.41 5.81 6.67 45.44 50.88
9.65 -6.21 2.27 11.31 5.82 6.79 45.45 50.98
9.61 -6.17 2.25 11.24 2.78 6.85 45.46 51.03
9.56 -6.12 2.22 10.42 5.83 6.90 45.46 51.09
9.48 -6.04 3.85 11.07 2.86 7.08 45.50 51.23
9.43 -5.99 3.71 11.01 2.80 7.14 45.52 51.30
9.35 -5.91 3.69 10.89 2.91 7.20 45.53 51.39
9.30 -5.86 3.70 10.80 2.82 7.31 45.54 51.45
9.22 -5.79 3.64 9.72 5.89 7.37 45.57 51.59
9.17 -5.74 3.64 9.58 5.89 7.43 45.57 51.62
9.17 -5.74 4.13 9.25 5.91 7.49 45.57 51.62
9.09 -5.66 4.72 9.18 5.92 7.63 45.59 51.75
9.04 -5.61 2.01 9.01 5.92 7.69 45.61 51.81
8.96 -5.53 2.05 8.94 5.93 7.75 45.63 51.94
8.91 -5.48 2.33 8.82 5.95 7.87 45.64 52.00
8.83 -5.40 2.33 8.79 5.97 7.92 45.66 52.12
8.78 -5.36 1.94 8.66 6.00 8.06 45.67 52.14
8.70 -5.28 4.74 8.54 6.01 8.17 45.69 52.29
8.61 -5.19 4.64 8.41 6.03 8.27 45.71 52.40
8.52 -5.11 8.43 8.46 2.23 8.34 45.73 52.52
8.43 -5.02 8.35 8.45 2.30 8.46 45.76 52.66
8.39 -4.98 3.05 8.29 2.29 8.52 45.77 52.71
8.30 -4.89 2.61 5.77 6.08 8.64 45.78 52.79
8.30 -4.89 3.72 5.68 81.88 8.77 45.78 52.79
8.21 -4.80 7.78 5.50 5.31 8.90 45.81 52.95
8.13 -4.72 8.77 5.34 5.29 8.96 45.83 53.02
8.00 -4.60 7.74 5.25 5.62 9.08 45.85 53.18
7.95 -4.55 7.74 5.20 5.70 9.14 45.87 53.30
7.86 -4.48 7.71 5.07 5.67 9.37 45.88 53.41
7.80 -4.44 7.71 4.99 6.21 9.42 45.89 53.51
7.75 -4.41 8.27 4.93 1.44 9.50 45.88 53.52
7.75 -4.41 2.20 7.28 6.18 9.49 45.88 53.52
7.64 -4.36 2.25 8.53 1.22 9.55 45.87 53.64
7.53 -4.32 2.26 8.40 1.06 9.68 45.85 53.78
7.36 -4.28 5.88 7.01 1.11 9.82 45.79 53.94
7.29 -4.27 4.91 4.66 1.51 9.94 45.76 54.01
7.18 -4.27 5.10 6.82 1.39 10.02 45.71 54.07
7.11 -4.28 5.26 6.90 1.31 10.18 45.65 54.20
7.00 -4.29 5.12 6.65 1.19 10.31 45.57 54.27
6.93 -4.31 4.95 6.61 1.11 10.30 45.52 54.33
6.82 -4.35 5.41 6.50 0.98 10.49 45.41 54.42
6.76 -4.37 4.96 6.49 0.92 10.53 45.35 54.47
6.76 -4.37 2.97 6.31 0.81 10.48 45.35 54.47
6.66 -4.42 3.08 7.73 0.61 10.57 45.24 54.54
6.51 -4.52 5.37 7.65 0.63 10.74 45.04 54.62
6.45 -4.57 5.35 1.88 0.48 10.73 44.96 54.66
6.37 -4.63 3.33 1.84 0.77 10.76 44.86 54.68
6.33 -4.67 3.37 1.84 1.23 10.84 44.82 54.68
6.31 -4.69 3.50 1.81 1.15 10.87 44.78 54.69
6.25 -4.74 3.52 1.82 1.12 10.84 44.73 54.71
6.23 -4.76 3.54 1.81 1.11 10.82 44.70 54.71
6.19 -4.78 3.61 1.80 1.09 10.84 44.66 54.72
6.17 -4.79 3.61 1.79 1.08 10.83 44.65 54.73
6.17 -4.79 3.63 1.78 1.07 10.77 44.65 54.73
6.17 -4.80 3.64 1.78 1.08 10.77 44.64 54.73
6.16 -4.80 3.64 1.78 1.08 10.75 44.64 54.73
6.16 -4.80 3.62 1.77 1.08 10.81 44.64 54.73
6.16 -4.80 3.62 1.77 1.07 10.81 44.64 54.73
6.16 -4.80 3.62 1.77 1.08 10.81 44.64 54.73
6.15 -4.80 3.63 1.77 1.07 10.81 44.63 54.74
6.14 -4.81 3.64 1.76 1.07 10.82 44.62 54.74
6.12 -4.81 3.65 1.76 1.06 10.83 44.60 54.75
6.03 -4.85 3.70 1.73 1.01 10.86 44.53 54.80
5.98 -4.87 3.74 1.70 0.98 10.84 44.49 54.82
5.87 -4.90 3.82 1.63 0.93 10.90 44.40 54.89
5.87 -4.90 3.87 1.53 19.68 1.88 44.40 54.89
5.76 -4.93 3.93 1.49 19.76 1.94 44.32 54.97
5.64 -4.96 4.02 1.44 19.85 2.03 44.23 55.04
5.58 -4.98 4.11 1.39 18.31 11.10 44.16 55.09
5.53 -4.99 4.15 1.35 17.89 11.13 44.13 55.13
5.39 -5.03 10.73 1.23 6.67 7.13 43.98 55.24
5.39 -5.03 4.31 1.18 19.23 11.15 43.98 55.24
5.30 -5.07 4.36 1.15 19.18 11.22 43.90 55.29
5.30 -5.07 4.35 1.13 19.36 11.36 43.89 55.29